<?xml version="1.0" encoding="UTF-8"?>
<!-- Generated by org.testng.reporters.JUnitXMLReporter -->
<testsuite hostname="DT-JDEROCHIE" ignored="0" name="Constructor and Method Tests" tests="50" failures="0" timestamp="17 Jan 2017 15:51:41 GMT" time="0.087" errors="0">
  <testcase name="AngularDivConstructorTest" time="0.007" classname="com.CPPIB.Test.AngularDivTest"/>
  <testcase name="AngularDivConstructorTest" time="0.001" classname="com.CPPIB.Test.AngularDivTest"/>
  <testcase name="AngularDivConstructorTest" time="0.001" classname="com.CPPIB.Test.AngularDivTest"/>
  <testcase name="AngularDivConstructorTest" time="0.001" classname="com.CPPIB.Test.AngularDivTest"/>
  <testcase name="ButtonConstructorTest" time="0.001" classname="com.CPPIB.Test.ButtonTest"/>
  <testcase name="ButtonConstructorTest" time="0.001" classname="com.CPPIB.Test.ButtonTest"/>
  <testcase name="ClosePageConstructorTest" time="0.001" classname="com.CPPIB.Test.PageTest"/>
  <testcase name="NewPageConstructorTest" time="0.0" classname="com.CPPIB.Test.PageTest"/>
  <testcase name="NewPageConstructorTest" time="0.001" classname="com.CPPIB.Test.PageTest"/>
  <testcase name="NewPageConstructorTest" time="0.001" classname="com.CPPIB.Test.PageTest"/>
  <testcase name="NewPageConstructorTest" time="0.001" classname="com.CPPIB.Test.PageTest"/>
  <testcase name="NewPageConstructorTest" time="0.001" classname="com.CPPIB.Test.PageTest"/>
  <testcase name="NewPageConstructorTest" time="0.001" classname="com.CPPIB.Test.PageTest"/>
  <testcase name="PageConstructorTest" time="0.0" classname="com.CPPIB.Test.PageTest"/>
  <testcase name="PageConstructorTest" time="0.0" classname="com.CPPIB.Test.PageTest"/>
  <testcase name="DivConstructorTest" time="0.001" classname="com.CPPIB.Test.DivTest"/>
  <testcase name="DivConstructorTest" time="0.001" classname="com.CPPIB.Test.DivTest"/>
  <testcase name="DivConstructorTest" time="0.0" classname="com.CPPIB.Test.DivTest"/>
  <testcase name="HeadingConstructorTest" time="0.001" classname="com.CPPIB.Test.HeadingAndParagraphsTest"/>
  <testcase name="ParagraphConstructorTest" time="0.0" classname="com.CPPIB.Test.HeadingAndParagraphsTest"/>
  <testcase name="ParagraphConstructorTest" time="0.0" classname="com.CPPIB.Test.HeadingAndParagraphsTest"/>
  <testcase name="ParagraphConstructorTest" time="0.001" classname="com.CPPIB.Test.HeadingAndParagraphsTest"/>
  <testcase name="ParagraphConstructorTest" time="0.001" classname="com.CPPIB.Test.HeadingAndParagraphsTest"/>
  <testcase name="ListItemConstructorTest" time="0.0" classname="com.CPPIB.Test.ListTest"/>
  <testcase name="ListItemConstructorTest" time="0.0" classname="com.CPPIB.Test.ListTest"/>
  <testcase name="ListItemConstructorTest" time="0.001" classname="com.CPPIB.Test.ListTest"/>
  <testcase name="ListItemConstructorTest" time="0.0" classname="com.CPPIB.Test.ListTest"/>
  <testcase name="WebListConstructorTest" time="0.0" classname="com.CPPIB.Test.ListTest"/>
  <testcase name="WebListConstructorTest" time="0.0" classname="com.CPPIB.Test.ListTest"/>
  <testcase name="WebListConstructorTest" time="0.001" classname="com.CPPIB.Test.ListTest"/>
  <testcase name="WebListConstructorTest" time="0.0" classname="com.CPPIB.Test.ListTest"/>
  <testcase name="NavMenuConstructorTest" time="0.0" classname="com.CPPIB.Test.NavMenuTest"/>
  <testcase name="NavMenuConstructorTest" time="0.0" classname="com.CPPIB.Test.NavMenuTest"/>
  <testcase name="UiGridDivConstructorTest" time="0.001" classname="com.CPPIB.Test.UiGridDivTest"/>
  <testcase name="UiGridDivConstructorTest" time="0.0" classname="com.CPPIB.Test.UiGridDivTest"/>
  <testcase name="UiGridDivConstructorTest" time="0.0" classname="com.CPPIB.Test.UiGridDivTest"/>
  <testcase name="UiGridDivConstructorTest" time="0.001" classname="com.CPPIB.Test.UiGridDivTest"/>
  <testcase name="UiGridDivConstructorTest" time="0.0" classname="com.CPPIB.Test.UiGridDivTest"/>
  <testcase name="UiGridDivConstructorTest" time="0.001" classname="com.CPPIB.Test.UiGridDivTest"/>
  <testcase name="UiGridDivConstructorTest" time="0.0" classname="com.CPPIB.Test.UiGridDivTest"/>
  <testcase name="HtmlMapAddChildTest" time="0.0" classname="com.CPPIB.Test.HtmlMapTest"/>
  <testcase name="HtmlMapAddChildrenTest" time="0.0" classname="com.CPPIB.Test.HtmlMapTest"/>
  <testcase name="HtmlMapConstructorTest" time="0.0" classname="com.CPPIB.Test.HtmlMapTest"/>
  <testcase name="HtmlMapConstructorTest" time="0.001" classname="com.CPPIB.Test.HtmlMapTest"/>
  <testcase name="HtmlMapGetChildrenTest" time="0.0" classname="com.CPPIB.Test.HtmlMapTest"/>
  <testcase name="HtmlMapGetDataTest" time="0.0" classname="com.CPPIB.Test.HtmlMapTest"/>
  <testcase name="HtmlMapGetParentTest" time="0.001" classname="com.CPPIB.Test.HtmlMapTest"/>
  <testcase name="HtmlMapHasChildrenTest" time="0.002" classname="com.CPPIB.Test.HtmlMapTest"/>
  <testcase name="HtmlMapSetParentTest" time="0.0" classname="com.CPPIB.Test.HtmlMapTest"/>
  <testcase name="PageWriterConstructorTest" time="0.0" classname="com.CPPIB.Test.PageWriterTest"/>
</testsuite> <!-- Constructor and Method Tests -->
